qemu-system-riscv64 -machine virt -bios none -kernel kernel/kernel -m 128M -smp 1 -nographic -global virtio-mmio.force-legacy=false -drive file=fs.img,if=none,format=raw,id=x0 -device virtio-blk-device,drive=x0,bus=virtio-mmio-bus.0

xv6 kernel is booting

init: starting sh
$ iobench & ; iobench & ;
$ 					7: 7674 IOP1000T
					5: 8380 IOP1000T
					5: 8064 IOP1000T
					7: 7488 IOP1000T
					5: 8503 IOP1000T
					7: 8375 IOP1000T
					5: 7928 IOP1000T
					7: 7864 IOP1000T
								5: 7266 IOP1000T
		7: 7600 IOP1000T
					5: 9024 IOP1000T
					7: 8303 IOP1000T
					7: 8111 IOP1000T
					5: 8689 IOP1000T
					7: 8103 IOP1000T
					5: 7776 IOP1000T
					7: 7968 IOP1000T
					5: 7832 IOP1000T
					7: 7089 IOP1000T
					5: 7314 IOP1000T
					7: 7864 IOP1000T
					5: 7090 IOP1000T
					7: 7266 IOP1000T
					5: 6834 IOP1000T
					7: 7416 IOP1000T
					5: 7544 IOP1000T
					7: 7920 IOP1000T
					5: 7976 IOP1000T
					7: 7960 IOP1000T
					5: 7794 IOP1000T
					7: 8192 IOP1000T
					5: 8358 IOP1000T
					7: 6763 IOP1000T
					5: 7473 IOP1000T
					7: 7160 IOP1000T
					5: 7744 IOP1000T
					7: 8126 IOP1000T
					5: 8063 IOP1000T
					7: 8622 IOP1000T
					5: 8516 IOP1000T
					7: 8600 IOP1000T
					5: 8952 IOP1000T
					7: 8770 IOP1000T
					5: 8247 IOP1000T
					7: 8741 IOP1000T
					5: 8533 IOP1000T
					7: 7637 IOP1000T
					5: 7281 IOP1000T
					7: 7817 IOP1000T
					5: 8567 IOP1000T
					7: 8779 IOP1000T
					5: 8405 IOP1000T
					7: 8128 IOP1000T
					5: 8503 IOP1000T
					7: 8448 IOP1000T
					5: 8111 IOP1000T
					7: 9443 IOP1000T
					5: 9179 IOP1000T
					7: 8372 IOP1000T
					5: 8482 IOP1000T
					7: 9206 IOP1000T
					5: 9325 IOP1000T
					7: 9600 IOP1000T
					5: 8414 IOP1000T
					7: 9488 IOP1000T
					5: 9772 IOP1000T
