qemu-system-riscv64 -machine virt -bios none -kernel kernel/kernel -m 128M -smp 1 -nographic -global virtio-mmio.force-legacy=false -drive file=fs.img,if=none,format=raw,id=x0 -device virtio-blk-device,drive=x0,bus=virtio-mmio-bus.0

xv6 kernel is booting

init: starting sh
$ iobench & ; iobench & ;
$ 					5: 4659 IOP10000T
					7: 4983 IOP10000T
					5: 4413 IOP10000T
					7: 4852 IOP10000T
					5: 4522 IOP10000T
					7: 4596 IOP10000T
					5: 4698 IOP10000T
					7: 4886 IOP10000T
					5: 4758 IOP10000T
					7: 5186 IOP10000T
					5: 4628 IOP10000T
					7: 5190 IOP10000T
					5: 4696 IOP10000T
					7: 4969 IOP10000T
					5: 4444 IOP10000T
					7: 4822 IOP10000T
					5: 4225 IOP10000T
					7: 4466 IOP10000T
					5: 4371 IOP10000T
					7: 4878 IOP10000T
					7: 4536 IOP10000T
					5: 4273 IOP10000T
					7: 4713 IOP10000T
					5: 4594 IOP10000T
					7: 4925 IOP10000T
					5: 4693 IOP10000T
					5: 4518 IOP10000T
					7: 4667 IOP10000T
					7: 5053 IOP10000T
					5: 4557 IOP10000T
					7: 5310 IOP10000T
					5: 4479 IOP10000T
					7: 4977 IOP10000T
					5: 4404 IOP10000T
					7: 4686 IOP10000T
					5: 4079 IOP10000T
					7: 5078 IOP10000T
					5: 4350 IOP10000T
					7: 4880 IOP10000T
					5: 4900 IOP10000T
					7: 4730 IOP10000T
					5: 4249 IOP10000T
					7: 5111 IOP10000T
					5: 4782 IOP10000T
					7: 4985 IOP10000T
					5: 4422 IOP10000T
					7: 5412 IOP10000T
					5: 4972 IOP10000T
					7: 5476 IOP10000T
					5: 4976 IOP10000T
					7: 5271 IOP10000T
					5: 5024 IOP10000T
					7: 5485 IOP10000T
					5: 4877 IOP10000T
					7: 5278 IOP10000T
					5: 4329 IOP10000T
					7: 4967 IOP10000T
					5: 4453 IOP10000T
					7: 4672 IOP10000T
					5: 4731 IOP10000T
					7: 4686 IOP10000T
					5: 5376 IOP10000T
					7: 4761 IOP10000T
					5: 5050 IOP10000T
					7: 5419 IOP10000T
					5: 5482 IOP10000T
					7: 4723 IOP10000T
					5: 4991 IOP10000T
					7: 5777 IOP10000T
					5: 5745 IOP10000T
					7: 4246 IOP10000T
					5: 4395 IOP10000T
					7: 5374 IOP10000T
					5: 5052 IOP10000T
					7: 5115 IOP10000T
					5: 4447 IOP10000T
