qemu-system-riscv64 -machine virt -bios none -kernel kernel/kernel -m 128M -smp 1 -nographic -global virtio-mmio.force-legacy=false -drive file=fs.img,if=none,format=raw,id=x0 -device virtio-blk-device,drive=x0,bus=virtio-mmio-bus.0

xv6 kernel is booting

init: starting sh
$ iobench & ; iobench & ;
$ 					5: 6016 IOP100T
					7: 6906 IOP100T
					5: 5376 IOP100T
					7: 6285 IOP100T
					5: 7808 IOP100T
					7: 4123 IOP100T
					5: 6144 IOP100T
					7: 4672 IOP100T
					5: 6016 IOP100T
					7: 5219 IOP100T
					5: 5973 IOP100T
					7: 5467 IOP100T
					5: 5281 IOP100T
					7: 5164 IOP100T
					5: 5098 IOP100T
					7: 7424 IOP100T
					5: 5568 IOP100T
					7: 5180 IOP100T
					5: 7569 IOP100T
					7: 8237 IOP100T
					5: 4088 IOP100T
					7: 6278 IOP100T
					5: 7552 IOP100T
					7: 6784 IOP100T
					5: 5921 IOP100T
					7: 7488 IOP100T
					5: 6144 IOP100T
					7: 4372 IOP100T
					5: 4562 IOP100T
					7: 5005 IOP100T
					5: 6964 IOP100T
					7: 4992 IOP100T
					5: 8364 IOP100T
					7: 7104 IOP100T
					7: 8000 IOP100T
					5: 7021 IOP100T
					7: 5184 IOP100T
					5: 6217 IOP100T
					7: 6464 IOP100T
					5: 7518 IOP100T
					7: 5252 IOP100T
					5: 4815 IOP100T
					7: 6273 IOP100T
					5: 4928 IOP100T
					7: 7446 IOP100T
					5: 7424 IOP100T
					7: 5824 IOP100T
					5: 6083 IOP100T
					5: 5312 IOP100T
					7: 5383 IOP100T
					5: 6720 IOP100T
					7: 7456 IOP100T
					5: 6976 IOP100T
					7: 4288 IOP100T
					5: 5442 IOP100T
					7: 5323 IOP100T
					5: 6464 IOP100T
					7: 6464 IOP100T
					5: 7223 IOP100T
					7: 6272 IOP100T
					5: 7232 IOP100T
					7: 6590 IOP100T
