qemu-system-riscv64 -machine virt -bios none -kernel kernel/kernel -m 128M -smp 1 -nographic -global virtio-mmio.force-legacy=false -drive file=fs.img,if=none,format=raw,id=x0 -device virtio-blk-device,drive=x0,bus=virtio-mmio-bus.0

xv6 kernel is booting

init: starting sh
$ iobench & ;
$ 					5: 7552 IOP100T
					5: 7488 IOP100T
					5: 7488 IOP100T
					5: 7552 IOP100T
					5: 7488 IOP100T
					5: 6336 IOP100T
					5: 6208 IOP100T
					5: 6272 IOP100T
					5: 6272 IOP100T
					5: 6336 IOP100T
					5: 6336 IOP100T
					5: 6272 IOP100T
					5: 6208 IOP100T
					5: 6336 IOP100T
					5: 6336 IOP100T
					5: 6400 IOP100T
					5: 6912 IOP100T
					5: 7808 IOP100T
					5: 7872 IOP100T
					5: 7744 IOP100T
					5: 6912 IOP100T
					5: 6400 IOP100T
					5: 6400 IOP100T
					5: 6912 IOP100T
					5: 6400 IOP100T
					5: 6400 IOP100T
					5: 6400 IOP100T
					5: 6976 IOP100T
					5: 6464 IOP100T
					5: 6144 IOP100T
					5: 6400 IOP100T
					5: 6272 IOP100T
