qemu-system-riscv64 -machine virt -bios none -kernel kernel/kernel -m 128M -smp 1 -nographic -global virtio-mmio.force-legacy=false -drive file=fs.img,if=none,format=raw,id=x0 -device virtio-blk-device,drive=x0,bus=virtio-mmio-bus.0

xv6 kernel is booting

init: starting sh
$ iobench & ; iobench & ;
$ 					7: 4792 IOP100000T
					5: 4799 IOP100000T
					7: 4962 IOP100000T
					5: 4969 IOP100000T
					7: 5003 IOP100000T
					5: 5008 IOP100000T
					7: 4963 IOP100000T
					5: 4968 IOP100000T
					5: 4846 IOP100000T
					7: 4855 IOP100000T
					5: 4843 IOP100000T
					7: 4835 IOP100000T
					5: 4926 IOP100000T
					7: 4939 IOP100000T
					5: 4929 IOP100000T
					7: 4927 IOP100000T
					5: 4986 IOP100000T
					7: 4945 IOP100000T
					5: 4924 IOP100000T
					7: 4944 IOP100000T
					5: 5030 IOP100000T
					7: 5031 IOP100000T
					5: 4942 IOP100000T
					7: 4952 IOP100000T
					5: 5067 IOP100000T
					7: 5076 IOP100000T
					5: 5150 IOP100000T
					7: 5151 IOP100000T
					5: 4847 IOP100000T
					7: 4820 IOP100000T
					5: 4905 IOP100000T
					7: 4910 IOP100000T
					5: 4942 IOP100000T
					7: 4972 IOP100000T
					5: 5040 IOP100000T
					7: 5005 IOP100000T
					5: 4988 IOP100000T
					7: 4982 IOP100000T
					5: 4797 IOP100000T
					7: 4825 IOP100000T
					5: 4868 IOP100000T
					7: 4835 IOP100000T
