qemu-system-riscv64 -machine virt -bios none -kernel kernel/kernel -m 128M -smp 1 -nographic -global virtio-mmio.force-legacy=false -drive file=fs.img,if=none,format=raw,id=x0 -device virtio-blk-device,drive=x0,bus=virtio-mmio-bus.0

xv6 kernel is booting

init: starting sh
$ cpubench & ;
$ 5: 33 KFLOP100000T
5: 33 KFLOP100000T
5: 33 KFLOP100000T
5: 32 KFLOP100000T
5: 32 KFLOP100000T
5: 27 KFLOP100000T
5: 33 KFLOP100000T
5: 32 KFLOP100000T
5: 32 KFLOP100000T
5: 28 KFLOP100000T
5: 32 KFLOP100000T
5: 29 KFLOP100000T
5: 26 KFLOP100000T
5: 26 KFLOP100000T
5: 26 KFLOP100000T
5: 26 KFLOP100000T
5: 26 KFLOP100000T
